(---------------------------------------------------------------------)
(                                                                     )
(    Allegro Netrev Import Logic                                      )
(                                                                     )
(    Drawing          : DELAY.brd                                     )
(    Software Version : 16.6S023                                      )
(    Date/Time        : Wed Feb 26 20:22:21 2014                      )
(                                                                     )
(---------------------------------------------------------------------)


------ Directives ------------

Ripup etch:                  No
Ripup delete first segment:  No
Ripup retain bondwire:       No
Ripup symbols:               Always
Missing symbol has error:    No
DRC update:                  Yes
Schematic directory:         'C:\WORK\CAM\PCB-DELAY\allegro'
Design Directory:            '.'
Old design name:             'C:/WORK/CAM/PCB-DELAY/allegro/DELAY.brd'
New design name:             'C:/WORK/CAM/PCB-DELAY/allegro/DELAY.brd'

CmdLine: netrev.exe -y 1 -i C:\WORK\CAM\PCB-DELAY\allegro C:\WORK\CAM\PCB-DELAY\allegro\DELAY.brd C:\WORK\CAM\PCB-DELAY\allegro\DELAY.brd

------ Preparing to read pst files ------

Starting to read C:/WORK/CAM/PCB-DELAY/allegro/pstchip.dat 
   Finished reading C:/WORK/CAM/PCB-DELAY/allegro/pstchip.dat (00:00:00.35)
Starting to read C:/WORK/CAM/PCB-DELAY/allegro/pstxprt.dat 
   Finished reading C:/WORK/CAM/PCB-DELAY/allegro/pstxprt.dat (00:00:00.00)
Starting to read C:/WORK/CAM/PCB-DELAY/allegro/pstxnet.dat 
   Finished reading C:/WORK/CAM/PCB-DELAY/allegro/pstxnet.dat (00:00:00.00)

------ Oversights/Warnings/Errors ------


------ Library Paths ------
MODULEPATH =  . 
           C:/Cadence/SPB_16.6/share/local/pcb/modules 

PSMPATH =  . 
           symbols 
           .. 
           ../symbols 
           C:/Cadence/SPB_16.6/share/local/pcb/symbols 
           C:/Cadence/SPB_16.6/share/pcb/pcb_lib/symbols 
           C:/Cadence/SPB_16.6/share/pcb/allegrolib/symbols 

PADPATH =  . 
           symbols 
           .. 
           ../symbols 
           C:/Cadence/SPB_16.6/share/local/pcb/padstacks 
           C:/Cadence/SPB_16.6/share/pcb/pcb_lib/symbols 
           C:/Cadence/SPB_16.6/share/pcb/allegrolib/symbols 


------ Summary Statistics ------


netrev run on Feb 26 20:22:21 2014
   DESIGN NAME : 'DELAY'
   PACKAGING ON Jan 13 2014 18:46:08

   COMPILE 'logic'
   CHECK_PIN_NAMES OFF
   CROSS_REFERENCE OFF
   FEEDBACK OFF
   INCREMENTAL OFF
   INTERFACE_TYPE PHYSICAL
   MAX_ERRORS 500
   MERGE_MINIMUM 5
   NET_NAME_CHARS '#%&()*+-./:=>?@[]^_`|'
   NET_NAME_LENGTH 24
   OVERSIGHTS ON
   REPLACE_CHECK OFF
   SINGLE_NODE_NETS ON
   SPLIT_MINIMUM 0
   SUPPRESS   20
   WARNINGS ON

 No error detected
 No oversight detected
 No warning detected

cpu time      0:04:17
elapsed time  0:00:02

